[debug] [2017-09-10T01:25:55.193Z] ----------------------------------------------------------------------
[debug] [2017-09-10T01:25:55.197Z] Command:       /usr/local/bin/node /Users/alexanderstaroselsky/Documents/Github/project-xc/node_modules/.bin/firebase deploy
[debug] [2017-09-10T01:25:55.197Z] CLI Version:   3.10.1
[debug] [2017-09-10T01:25:55.197Z] Platform:      darwin
[debug] [2017-09-10T01:25:55.197Z] Node Version:  v6.11.3
[debug] [2017-09-10T01:25:55.198Z] Time:          Sat Sep 09 2017 19:25:55 GMT-0600 (MDT)
[debug] [2017-09-10T01:25:55.198Z] ----------------------------------------------------------------------
[debug] 
[debug] [2017-09-10T01:25:55.213Z] > command requires scopes: ["email","openid","https://www.googleapis.com/auth/cloudplatformprojects.readonly","https://www.googleapis.com/auth/firebase","https://www.googleapis.com/auth/cloud-platform"]
[debug] [2017-09-10T01:25:55.213Z] > authorizing via signed-in user
[debug] [2017-09-10T01:25:55.215Z] >>> HTTP REQUEST GET https://admin.firebase.com/v1/projects/project-xc-62e54  
 Sat Sep 09 2017 19:25:55 GMT-0600 (MDT)
[debug] [2017-09-10T01:25:55.549Z] <<< HTTP RESPONSE 200
[debug] [2017-09-10T01:25:55.550Z] >>> HTTP REQUEST GET https://admin.firebase.com/v1/database/project-xc-62e54/tokens  
 Sat Sep 09 2017 19:25:55 GMT-0600 (MDT)
[debug] [2017-09-10T01:25:56.068Z] <<< HTTP RESPONSE 200
[info] 
[info] === Deploying to 'project-xc-62e54'...
[info] 
[info] i  deploying hosting
[info] i  hosting: preparing build directory for upload...
[debug] [2017-09-10T01:25:56.641Z] >>> HTTP REQUEST PUT https://deploy.firebase.com/v1/hosting/project-xc-62e54/uploads/-KtdO923xKivR_9cMpgM?fileCount=9&message=  
 Sat Sep 09 2017 19:25:56 GMT-0600 (MDT)
[debug] [2017-09-10T01:25:59.470Z] <<< HTTP RESPONSE 200
[debug] [2017-09-10T01:25:59.471Z] [hosting] .tgz uploaded successfully, waiting for extraction
